<?xml version="1.0" encoding="UTF-8"?>
<!-- Generated by org.testng.reporters.JUnitReportReporter -->
<testsuite hostname="selenium22" failures="0" tests="1" name="runner.GooglePageRunner" time="0.119" errors="0" timestamp="2024-12-23T13:13:55 IST" skipped="0">
  <testcase classname="runner.GooglePageRunner" name="runScenario" time="0.119"/>
  <system-out/>
</testsuite> <!-- runner.GooglePageRunner -->
