<?xml version="1.0" encoding="UTF-8"?>
<!-- Generated by org.testng.reporters.JUnitReportReporter -->
<testsuite hostname="selenium22" failures="0" tests="1" name="runner.GoogglePageRuuner" time="0.031" errors="0" timestamp="2024-12-23T09:48:30 IST" skipped="0">
  <testcase classname="runner.GoogglePageRuuner" name="f" time="0.031"/>
  <system-out/>
</testsuite> <!-- runner.GoogglePageRuuner -->
